{"C:\\Users\\Марина\\Documents\\Все IT\\sql\\JavaScriptTesting\\js_cat_and_dogs_years\\src\\getHumanAge.js": {"path":"C:\\Users\\Марина\\Documents\\Все IT\\sql\\JavaScriptTesting\\js_cat_and_dogs_years\\src\\getHumanAge.js","statementMap":{"0":{"start":{"line":10,"column":21},"end":{"line":10,"column":53}},"1":{"start":{"line":11,"column":21},"end":{"line":11,"column":53}},"2":{"start":{"line":13,"column":2},"end":{"line":13,"column":34}},"3":{"start":{"line":17,"column":2},"end":{"line":19,"column":3}},"4":{"start":{"line":18,"column":4},"end":{"line":18,"column":13}},"5":{"start":{"line":21,"column":2},"end":{"line":23,"column":3}},"6":{"start":{"line":22,"column":4},"end":{"line":22,"column":13}},"7":{"start":{"line":25,"column":2},"end":{"line":25,"column":62}},"8":{"start":{"line":28,"column":0},"end":{"line":28,"column":33}}},"fnMap":{"0":{"name":"getHumanAge","decl":{"start":{"line":9,"column":9},"end":{"line":9,"column":20}},"loc":{"start":{"line":9,"column":37},"end":{"line":14,"column":1}},"line":9},"1":{"name":"convertToHuman","decl":{"start":{"line":16,"column":9},"end":{"line":16,"column":23}},"loc":{"start":{"line":16,"column":57},"end":{"line":26,"column":1}},"line":16}},"branchMap":{"0":{"loc":{"start":{"line":17,"column":2},"end":{"line":19,"column":3}},"type":"if","locations":[{"start":{"line":17,"column":2},"end":{"line":19,"column":3}},{"start":{},"end":{}}],"line":17},"1":{"loc":{"start":{"line":21,"column":2},"end":{"line":23,"column":3}},"type":"if","locations":[{"start":{"line":21,"column":2},"end":{"line":23,"column":3}},{"start":{},"end":{}}],"line":21}},"s":{"0":8,"1":8,"2":8,"3":16,"4":4,"5":12,"6":4,"7":8,"8":1},"f":{"0":8,"1":16},"b":{"0":[4,12],"1":[4,8]},"_coverageSchema":"1a1c01bbd47fc00a2c39e90264f33305004495a9","hash":"a48b78cd9bea60bbc3171a24420470e0d25ef825"}
}
